1739705527066:h
1739705532302:help
1739705542489:l
1739705549844:l --Nastya
1739705558378:l nastya
1739705564069:c
1739705644865:l nastya
1739705648089:c
1739713178738:help
1739713184198:all
1739819431837:get 1
1740323436643:help
1740323451922:insert
1740323467128:insert -name NNNN
1740323489261:insert --name YYY
1740323536235:insert --name YYYY --year 2024 --genreId 2 --authorId 25
1740325801774:add book --name ttt --year 1920 --authorId 33 --genreId 2
1740326033374:help
1740326277897:add book
1740329437468:help
1740329464965:add book --name TTTTT --aId 1 --gId 1 --year 1822
1740594932877:help
1740594936975:all
1740594948244:count
1740594962455:add book
1740595002370:add book --name hgfjkgfdjg --gId 1 --aId 2 --year 1888
1740929872066:help
1740929895096:help count
1740929902496:count
1740929912423:login
1740929919554:login --Nastya
1740929925514:login Nastya
1740929932171:count
1740929940087:get 1
1740929954946:add book
1740929983286:add book --year 1888 --name name --a 1 --g 4
1740929998707:get 100
1740930042483:update
1740930051778:delete 100
1740930391760:update --id 1
1740930485608:update --id 1 --year 1999
1740930548188:update -- id 1 --year 1999
1740930559956:update --id 1 --year 1999
1740931066578:get --id 1
1741026580900:Рґ
1741026584234:l
1741026588905:l Nastya
1741026596777:help
1741026604675:add avt
1741026637986:add avt --name Р›РµРІ --pat РќРёРєРѕР»Р°РµРІРёС‡ --sur РўРѕР»СЃС‚РѕР№
1741026661599:add den --name РЎРєР°Р·РєР°
1741026671518:add Рїen --name РЎРєР°Р·РєР°
1741026678148:add gen --name РЎРєР°Р·РєР°
1741026716795:help
1741026721381:l Nasty
1741026735429:c
1741026754107:РІ
1741026766775:count
1741027037204:l
1741027053433:l --username
1741027059885:l NAstya
1741027069300:l hdjkfhds
1741069716418:l NAsty
1741069728528:update --name rrrrr
1741069739633:update --id 1 --name rrrr
