1739705527066:h
1739705532302:help
1739705542489:l
1739705549844:l --Nastya
1739705558378:l nastya
1739705564069:c
1739705644865:l nastya
1739705648089:c
1739713178738:help
1739713184198:all
1739819431837:get 1
1740323436643:help
1740323451922:insert
1740323467128:insert -name NNNN
1740323489261:insert --name YYY
1740323536235:insert --name YYYY --year 2024 --genreId 2 --authorId 25
1740325801774:add book --name ttt --year 1920 --authorId 33 --genreId 2
1740326033374:help
1740326277897:add book
1740329437468:help
1740329464965:add book --name TTTTT --aId 1 --gId 1 --year 1822
1740594932877:help
1740594936975:all
1740594948244:count
1740594962455:add book
1740595002370:add book --name hgfjkgfdjg --gId 1 --aId 2 --year 1888
1740929872066:help
1740929895096:help count
1740929902496:count
1740929912423:login
1740929919554:login --Nastya
1740929925514:login Nastya
1740929932171:count
1740929940087:get 1
1740929954946:add book
1740929983286:add book --year 1888 --name name --a 1 --g 4
1740929998707:get 100
1740930042483:update
1740930051778:delete 100
1740930391760:update --id 1
1740930485608:update --id 1 --year 1999
1740930548188:update -- id 1 --year 1999
1740930559956:update --id 1 --year 1999
1740931066578:get --id 1
1741026580900:Рґ
1741026584234:l
1741026588905:l Nastya
1741026596777:help
1741026604675:add avt
1741026637986:add avt --name Р›РµРІ --pat РќРёРєРѕР»Р°РµРІРёС‡ --sur РўРѕР»СЃС‚РѕР№
1741026661599:add den --name РЎРєР°Р·РєР°
1741026671518:add Рїen --name РЎРєР°Р·РєР°
1741026678148:add gen --name РЎРєР°Р·РєР°
1741026716795:help
1741026721381:l Nasty
1741026735429:c
1741026754107:РІ
1741026766775:count
1741027037204:l
1741027053433:l --username
1741027059885:l NAstya
1741027069300:l hdjkfhds
1741069716418:l NAsty
1741069728528:update --name rrrrr
1741069739633:update --id 1 --name rrrr
1745151991795:hello
1745151996347:help
1745152009310:l Nastya
1745152019466:get 1
1745152074633:login Nastya
1745152078647:help
1745152083096:all
1745152124049:add avt N N
1745152174674:add avt N N N
1745152248746:help
1745152251919:c
1745152323052:СЃ
1745152328081:c
1745152334335:l Na
1745152336954:c
1745152474980:l na
1745152476774:c
1745152838841:help
1745152842595:l nv
1745152844233:c
1745152870674:add gen
1745152880728:add gen NEWGENRE
1745152897688:update
1745152912818:update 2 --name mvkfvfkdvjdfkg
1745152979521:get 2
1745153013906:update 2 --author 1
1745153056692:update 2 --authorId 1
1745153088402:update 2 --a 1
1745153107342:get 2
1745153133099:add book
1745153162598:add book --name NewBook --g 1 --a 1 --year 1999
1745153172983:get 100
1745153197116:delete 100
1745153201012:delete
1745153205814:delete 100
1745153302378:l na
1745153306707:delete 100
1745153318802:delete 2
1745154353572:l nvvb
1745154358258:add book
1745154391596:add book --name 1 --a 1 --g 1 --year 1999
1745158092531:l bvbvc
1745158096835:add com
1745158131327:add com --book 1 --text text
1745158830265:l bvbc
1745158834771:add com
1745158852301:add com --b 1 --text blablabla
1745172702084:l fdsfdsf
1745172705980:add com
1745172728102:add com --b 1 --text blablabla
1745172746932:udp com
1745172759205:upd com
1745172784104:upd com --id 100 --text 1232131231232131
1745173030423:l dsffdsf
1745173043409:add com --b 1 --text text
1745173068549:upd com --id 100 --text text1
1745173369868:l dsfsd
1745173381870:add com --b 1 --text text
1745173413333:upd com --id 100 -text text1
1745173423941:upd com --id 100 --text text1
1745173860732:lfdsfdf
1745173863777:l fdsfsdf
1745173873228:add com --b 1 --text text
1745173892451:upd com --id 100 --text text1
1745173925930:del com --id 100
1745173950601:help
1745173955481:all
1745174093336:l dfdsf
1745174095781:add
1745174116120:add --name 1 --a 2 --g 4 --year 1999
1745257478095:l dfsdf
1745257481378:help
1745257485413:all
1745259768701:l nastya
1745259772905:allcom
1745259779284:allcom --1
1745259786287:allcom --b 1
1745259801613:acom
1745259813637:acom --b 1 --text blablabla
1745259830094:acom --b 1 --text My best comment
1745259837817:allcom --b 1
